{"uid":"4cf57d3c1bdb15b3","name":"test_change_password_neg[missing confirm password]","fullName":"tests.frontend.my_account.test_my_account_signed_in_neg.TestMyAccountSignedInNeg#test_change_password_neg","historyId":"16dbee7f7960739965ed89bcdbb865bd","time":{"start":1759697829301,"stop":1759697832222,"duration":2921},"description":"Verify validation errors appear when required fields are missing.\n\nThis test covers negative password change scenarios, confirming\nthat the process fails gracefully when specific fields are left blank.\n\nArgs:\n    missing_field (str): Specifies which field to leave blank. Accepted values:\n        - \"name\"\n        - \"current_password\"\n        - \"confirm_password\"\n\nAssertions:\n    - Verifies that the success message is not displayed.\n    - Ensures the correct error message appears when a field is missing.\n\nRaises:\n    AssertionError: If the success message is displayed despite a missing field.\n","descriptionHtml":"<p>Verify validation errors appear when required fields are missing.</p>\n<p>This test covers negative password change scenarios, confirming<br />\nthat the process fails gracefully when specific fields are left blank.</p>\n<p>Args:<br />\nmissing_field (str): Specifies which field to leave blank. Accepted values:<br />\n- &quot;name&quot;<br />\n- &quot;current_password&quot;<br />\n- &quot;confirm_password&quot;</p>\n<p>Assertions:<br />\n- Verifies that the success message is not displayed.<br />\n- Ensures the correct error message appears when a field is missing.</p>\n<p>Raises:<br />\nAssertionError: If the success message is displayed despite a missing field.</p>\n","status":"passed","flaky":false,"newFailed":false,"newBroken":false,"newPassed":false,"retriesCount":0,"retriesStatusChange":false,"beforeStages":[{"name":"init_driver","time":{"start":1759697826876,"stop":1759697827208,"duration":332},"status":"passed","steps":[],"attachments":[],"parameters":[],"shouldDisplayMessage":false,"stepsCount":0,"attachmentsCount":0,"hasContent":false,"attachmentStep":false},{"name":"create_registered_user","time":{"start":1759697827208,"stop":1759697829300,"duration":2092},"status":"passed","steps":[],"attachments":[],"parameters":[],"shouldDisplayMessage":false,"stepsCount":0,"attachmentsCount":0,"hasContent":false,"attachmentStep":false},{"name":"setup","time":{"start":1759697829300,"stop":1759697829300,"duration":0},"status":"passed","steps":[],"attachments":[],"parameters":[],"shouldDisplayMessage":false,"stepsCount":0,"attachmentsCount":0,"hasContent":false,"attachmentStep":false}],"testStage":{"description":"Verify validation errors appear when required fields are missing.\n\nThis test covers negative password change scenarios, confirming\nthat the process fails gracefully when specific fields are left blank.\n\nArgs:\n    missing_field (str): Specifies which field to leave blank. Accepted values:\n        - \"name\"\n        - \"current_password\"\n        - \"confirm_password\"\n\nAssertions:\n    - Verifies that the success message is not displayed.\n    - Ensures the correct error message appears when a field is missing.\n\nRaises:\n    AssertionError: If the success message is displayed despite a missing field.\n","status":"passed","steps":[],"attachments":[{"uid":"a398e9c3d22a7f53","name":"log","source":"a398e9c3d22a7f53.txt","type":"text/plain","size":47}],"parameters":[],"shouldDisplayMessage":false,"stepsCount":0,"attachmentsCount":1,"hasContent":true,"attachmentStep":false},"afterStages":[{"name":"init_driver::0","time":{"start":1759697837872,"stop":1759697837946,"duration":74},"status":"passed","steps":[],"attachments":[],"parameters":[],"shouldDisplayMessage":false,"stepsCount":0,"attachmentsCount":0,"hasContent":false,"attachmentStep":false}],"labels":[{"name":"tag","value":"neg"},{"name":"tag","value":"efe67"},{"name":"tag","value":"feregression"},{"name":"tag","value":"my_account_neg"},{"name":"parentSuite","value":"tests.frontend.my_account"},{"name":"suite","value":"test_my_account_signed_in_neg"},{"name":"subSuite","value":"TestMyAccountSignedInNeg"},{"name":"host","value":"runnervmwhb2z"},{"name":"thread","value":"2671-MainThread"},{"name":"framework","value":"pytest"},{"name":"language","value":"cpython3"},{"name":"package","value":"tests.frontend.my_account.test_my_account_signed_in_neg"},{"name":"resultFormat","value":"allure2"}],"parameters":[{"name":"missing_field","value":"'confirm_password'"}],"links":[],"hidden":false,"retry":false,"extra":{"severity":"normal","retries":[],"categories":[],"tags":["neg","my_account_neg","feregression","efe67"]},"source":"4cf57d3c1bdb15b3.json","parameterValues":["'confirm_password'"]}