{"uid":"5458b65f7b3b462c","name":"test_change_password_neg[missing name]","fullName":"tests.frontend.my_account.test_my_account_signed_in_neg.TestMyAccountSignedInNeg#test_change_password_neg","historyId":"cf894b929ca52d3a6e47f417a4edbd2e","time":{"start":1760465589121,"stop":1760465591972,"duration":2851},"description":"Verify validation errors appear when required fields are missing.\n\nThis test covers negative password change scenarios, confirming\nthat the process fails gracefully when specific fields are left blank.\n\nArgs:\n    missing_field (str): Specifies which field to leave blank. Accepted values:\n        - \"name\"\n        - \"current_password\"\n        - \"confirm_password\"\n\nAssertions:\n    - Verifies that the success message is not displayed.\n    - Ensures the correct error message appears when a field is missing.\n\nRaises:\n    AssertionError: If the success message is displayed despite a missing field.\n","descriptionHtml":"<p>Verify validation errors appear when required fields are missing.</p>\n<p>This test covers negative password change scenarios, confirming<br />\nthat the process fails gracefully when specific fields are left blank.</p>\n<p>Args:<br />\nmissing_field (str): Specifies which field to leave blank. Accepted values:<br />\n- &quot;name&quot;<br />\n- &quot;current_password&quot;<br />\n- &quot;confirm_password&quot;</p>\n<p>Assertions:<br />\n- Verifies that the success message is not displayed.<br />\n- Ensures the correct error message appears when a field is missing.</p>\n<p>Raises:<br />\nAssertionError: If the success message is displayed despite a missing field.</p>\n","status":"passed","flaky":false,"newFailed":false,"newBroken":false,"newPassed":false,"retriesCount":0,"retriesStatusChange":false,"beforeStages":[{"name":"init_driver","time":{"start":1760465582391,"stop":1760465583870,"duration":1479},"status":"passed","steps":[],"attachments":[],"parameters":[],"shouldDisplayMessage":false,"stepsCount":0,"attachmentsCount":0,"hasContent":false,"attachmentStep":false},{"name":"create_registered_user","time":{"start":1760465583870,"stop":1760465586271,"duration":2401},"status":"passed","steps":[],"attachments":[],"parameters":[],"shouldDisplayMessage":false,"stepsCount":0,"attachmentsCount":0,"hasContent":false,"attachmentStep":false},{"name":"setup","time":{"start":1760465586271,"stop":1760465586271,"duration":0},"status":"passed","steps":[],"attachments":[],"parameters":[],"shouldDisplayMessage":false,"stepsCount":0,"attachmentsCount":0,"hasContent":false,"attachmentStep":false}],"afterStages":[{"name":"init_driver::0","time":{"start":1760465594661,"stop":1760465595312,"duration":651},"status":"passed","steps":[],"attachments":[],"parameters":[],"shouldDisplayMessage":false,"stepsCount":0,"attachmentsCount":0,"hasContent":false,"attachmentStep":false}],"labels":[{"name":"tag","value":"neg"},{"name":"tag","value":"efe68"},{"name":"tag","value":"feregression"},{"name":"tag","value":"my_account_neg"},{"name":"parentSuite","value":"tests.frontend.my_account"},{"name":"suite","value":"test_my_account_signed_in_neg"},{"name":"subSuite","value":"TestMyAccountSignedInNeg"},{"name":"host","value":"runnervmwhb2z"},{"name":"thread","value":"2631-MainThread"},{"name":"framework","value":"pytest"},{"name":"language","value":"cpython3"},{"name":"package","value":"tests.frontend.my_account.test_my_account_signed_in_neg"},{"name":"resultFormat","value":"allure2"}],"parameters":[{"name":"missing_field","value":"'name'"}],"links":[],"hidden":true,"retry":true,"extra":{"categories":[],"tags":["neg","my_account_neg","efe68","feregression"]},"source":"5458b65f7b3b462c.json","parameterValues":["'name'"]}