{"uid":"65a7e5340d276f20","name":"test_change_password_neg[missing confirm password]","fullName":"tests.frontend.my_account.test_my_account_signed_in_neg.TestMyAccountSignedInNeg#test_change_password_neg","historyId":"16dbee7f7960739965ed89bcdbb865bd","time":{"start":1761117980140,"stop":1761117983243,"duration":3103},"description":"Verify validation errors appear when required fields are missing.\n\nThis test covers negative password change scenarios, confirming\nthat the process fails gracefully when specific fields are left blank.\n\nArgs:\n    missing_field (str): Specifies which field to leave blank. Accepted values:\n        - \"name\"\n        - \"current_password\"\n        - \"confirm_password\"\n\nAssertions:\n    - Verifies that the success message is not displayed.\n    - Ensures the correct error message appears when a field is missing.\n\nRaises:\n    AssertionError: If the success message is displayed despite a missing field.\n","descriptionHtml":"<p>Verify validation errors appear when required fields are missing.</p>\n<p>This test covers negative password change scenarios, confirming<br />\nthat the process fails gracefully when specific fields are left blank.</p>\n<p>Args:<br />\nmissing_field (str): Specifies which field to leave blank. Accepted values:<br />\n- &quot;name&quot;<br />\n- &quot;current_password&quot;<br />\n- &quot;confirm_password&quot;</p>\n<p>Assertions:<br />\n- Verifies that the success message is not displayed.<br />\n- Ensures the correct error message appears when a field is missing.</p>\n<p>Raises:<br />\nAssertionError: If the success message is displayed despite a missing field.</p>\n","status":"passed","flaky":false,"newFailed":false,"newBroken":false,"newPassed":false,"retriesCount":0,"retriesStatusChange":false,"beforeStages":[{"name":"init_driver","time":{"start":1761117977268,"stop":1761117977577,"duration":309},"status":"passed","steps":[],"attachments":[],"parameters":[],"shouldDisplayMessage":false,"stepsCount":0,"attachmentsCount":0,"hasContent":false,"attachmentStep":false},{"name":"create_registered_user","time":{"start":1761117977577,"stop":1761117980140,"duration":2563},"status":"passed","steps":[],"attachments":[],"parameters":[],"shouldDisplayMessage":false,"stepsCount":0,"attachmentsCount":0,"hasContent":false,"attachmentStep":false},{"name":"setup","time":{"start":1761117980140,"stop":1761117980140,"duration":0},"status":"passed","steps":[],"attachments":[],"parameters":[],"shouldDisplayMessage":false,"stepsCount":0,"attachmentsCount":0,"hasContent":false,"attachmentStep":false}],"testStage":{"description":"Verify validation errors appear when required fields are missing.\n\nThis test covers negative password change scenarios, confirming\nthat the process fails gracefully when specific fields are left blank.\n\nArgs:\n    missing_field (str): Specifies which field to leave blank. Accepted values:\n        - \"name\"\n        - \"current_password\"\n        - \"confirm_password\"\n\nAssertions:\n    - Verifies that the success message is not displayed.\n    - Ensures the correct error message appears when a field is missing.\n\nRaises:\n    AssertionError: If the success message is displayed despite a missing field.\n","status":"passed","steps":[],"attachments":[{"uid":"2a5222bcf0176e56","name":"log","source":"2a5222bcf0176e56.txt","type":"text/plain","size":47}],"parameters":[],"shouldDisplayMessage":false,"stepsCount":0,"attachmentsCount":1,"hasContent":true,"attachmentStep":false},"afterStages":[{"name":"init_driver::0","time":{"start":1761117989353,"stop":1761117989427,"duration":74},"status":"passed","steps":[],"attachments":[],"parameters":[],"shouldDisplayMessage":false,"stepsCount":0,"attachmentsCount":0,"hasContent":false,"attachmentStep":false}],"labels":[{"name":"tag","value":"neg"},{"name":"tag","value":"efe67"},{"name":"tag","value":"feregression"},{"name":"tag","value":"my_account_neg"},{"name":"parentSuite","value":"tests.frontend.my_account"},{"name":"suite","value":"test_my_account_signed_in_neg"},{"name":"subSuite","value":"TestMyAccountSignedInNeg"},{"name":"host","value":"runnervmwhb2z"},{"name":"thread","value":"2666-MainThread"},{"name":"framework","value":"pytest"},{"name":"language","value":"cpython3"},{"name":"package","value":"tests.frontend.my_account.test_my_account_signed_in_neg"},{"name":"resultFormat","value":"allure2"}],"parameters":[{"name":"missing_field","value":"'confirm_password'"}],"links":[],"hidden":true,"retry":true,"extra":{"categories":[],"tags":["neg","my_account_neg","feregression","efe67"]},"source":"65a7e5340d276f20.json","parameterValues":["'confirm_password'"]}