{"uid":"8b47096a64f6a27","name":"test_change_password_neg[missing current password]","fullName":"tests.frontend.my_account.test_my_account_signed_in_neg.TestMyAccountSignedInNeg#test_change_password_neg","historyId":"b08bf91bb3c5523ef54ed6a7a05bee97","time":{"start":1760945265149,"stop":1760945268063,"duration":2914},"description":"Verify validation errors appear when required fields are missing.\n\nThis test covers negative password change scenarios, confirming\nthat the process fails gracefully when specific fields are left blank.\n\nArgs:\n    missing_field (str): Specifies which field to leave blank. Accepted values:\n        - \"name\"\n        - \"current_password\"\n        - \"confirm_password\"\n\nAssertions:\n    - Verifies that the success message is not displayed.\n    - Ensures the correct error message appears when a field is missing.\n\nRaises:\n    AssertionError: If the success message is displayed despite a missing field.\n","descriptionHtml":"<p>Verify validation errors appear when required fields are missing.</p>\n<p>This test covers negative password change scenarios, confirming<br />\nthat the process fails gracefully when specific fields are left blank.</p>\n<p>Args:<br />\nmissing_field (str): Specifies which field to leave blank. Accepted values:<br />\n- &quot;name&quot;<br />\n- &quot;current_password&quot;<br />\n- &quot;confirm_password&quot;</p>\n<p>Assertions:<br />\n- Verifies that the success message is not displayed.<br />\n- Ensures the correct error message appears when a field is missing.</p>\n<p>Raises:<br />\nAssertionError: If the success message is displayed despite a missing field.</p>\n","status":"passed","flaky":false,"newFailed":false,"newBroken":false,"newPassed":false,"retriesCount":0,"retriesStatusChange":false,"beforeStages":[{"name":"init_driver","time":{"start":1760945255809,"stop":1760945256134,"duration":325},"status":"passed","steps":[],"attachments":[],"parameters":[],"shouldDisplayMessage":false,"stepsCount":0,"attachmentsCount":0,"hasContent":false,"attachmentStep":false},{"name":"create_registered_user","time":{"start":1760945256135,"stop":1760945258914,"duration":2779},"status":"passed","steps":[],"attachments":[],"parameters":[],"shouldDisplayMessage":false,"stepsCount":0,"attachmentsCount":0,"hasContent":false,"attachmentStep":false},{"name":"setup","time":{"start":1760945258914,"stop":1760945258914,"duration":0},"status":"passed","steps":[],"attachments":[],"parameters":[],"shouldDisplayMessage":false,"stepsCount":0,"attachmentsCount":0,"hasContent":false,"attachmentStep":false}],"afterStages":[{"name":"init_driver::0","time":{"start":1760945268064,"stop":1760945268139,"duration":75},"status":"passed","steps":[],"attachments":[],"parameters":[],"shouldDisplayMessage":false,"stepsCount":0,"attachmentsCount":0,"hasContent":false,"attachmentStep":false}],"labels":[{"name":"tag","value":"neg"},{"name":"tag","value":"efe69"},{"name":"tag","value":"feregression"},{"name":"tag","value":"my_account_neg"},{"name":"parentSuite","value":"tests.frontend.my_account"},{"name":"suite","value":"test_my_account_signed_in_neg"},{"name":"subSuite","value":"TestMyAccountSignedInNeg"},{"name":"host","value":"runnervmzdgdc"},{"name":"thread","value":"2694-MainThread"},{"name":"framework","value":"pytest"},{"name":"language","value":"cpython3"},{"name":"package","value":"tests.frontend.my_account.test_my_account_signed_in_neg"},{"name":"resultFormat","value":"allure2"}],"parameters":[{"name":"missing_field","value":"'current_password'"}],"links":[],"hidden":true,"retry":true,"extra":{"categories":[],"tags":["neg","my_account_neg","efe69","feregression"]},"source":"8b47096a64f6a27.json","parameterValues":["'current_password'"]}