{"uid":"c84a77adcff620df","name":"test_change_password_neg[missing confirm password]","fullName":"tests.frontend.my_account.test_my_account_signed_in_neg.TestMyAccountSignedInNeg#test_change_password_neg","historyId":"16dbee7f7960739965ed89bcdbb865bd","time":{"start":1759698860744,"stop":1759698863764,"duration":3020},"description":"Verify validation errors appear when required fields are missing.\n\nThis test covers negative password change scenarios, confirming\nthat the process fails gracefully when specific fields are left blank.\n\nArgs:\n    missing_field (str): Specifies which field to leave blank. Accepted values:\n        - \"name\"\n        - \"current_password\"\n        - \"confirm_password\"\n\nAssertions:\n    - Verifies that the success message is not displayed.\n    - Ensures the correct error message appears when a field is missing.\n\nRaises:\n    AssertionError: If the success message is displayed despite a missing field.\n","descriptionHtml":"<p>Verify validation errors appear when required fields are missing.</p>\n<p>This test covers negative password change scenarios, confirming<br />\nthat the process fails gracefully when specific fields are left blank.</p>\n<p>Args:<br />\nmissing_field (str): Specifies which field to leave blank. Accepted values:<br />\n- &quot;name&quot;<br />\n- &quot;current_password&quot;<br />\n- &quot;confirm_password&quot;</p>\n<p>Assertions:<br />\n- Verifies that the success message is not displayed.<br />\n- Ensures the correct error message appears when a field is missing.</p>\n<p>Raises:<br />\nAssertionError: If the success message is displayed despite a missing field.</p>\n","status":"passed","flaky":false,"newFailed":false,"newBroken":false,"newPassed":false,"retriesCount":0,"retriesStatusChange":false,"beforeStages":[{"name":"init_driver","time":{"start":1759698857901,"stop":1759698858212,"duration":311},"status":"passed","steps":[],"attachments":[],"parameters":[],"shouldDisplayMessage":false,"stepsCount":0,"attachmentsCount":0,"hasContent":false,"attachmentStep":false},{"name":"create_registered_user","time":{"start":1759698858213,"stop":1759698860743,"duration":2530},"status":"passed","steps":[],"attachments":[],"parameters":[],"shouldDisplayMessage":false,"stepsCount":0,"attachmentsCount":0,"hasContent":false,"attachmentStep":false},{"name":"setup","time":{"start":1759698860743,"stop":1759698860743,"duration":0},"status":"passed","steps":[],"attachments":[],"parameters":[],"shouldDisplayMessage":false,"stepsCount":0,"attachmentsCount":0,"hasContent":false,"attachmentStep":false}],"testStage":{"description":"Verify validation errors appear when required fields are missing.\n\nThis test covers negative password change scenarios, confirming\nthat the process fails gracefully when specific fields are left blank.\n\nArgs:\n    missing_field (str): Specifies which field to leave blank. Accepted values:\n        - \"name\"\n        - \"current_password\"\n        - \"confirm_password\"\n\nAssertions:\n    - Verifies that the success message is not displayed.\n    - Ensures the correct error message appears when a field is missing.\n\nRaises:\n    AssertionError: If the success message is displayed despite a missing field.\n","status":"passed","steps":[],"attachments":[{"uid":"e09fbe8d751fcfed","name":"log","source":"e09fbe8d751fcfed.txt","type":"text/plain","size":47}],"parameters":[],"shouldDisplayMessage":false,"stepsCount":0,"attachmentsCount":1,"hasContent":true,"attachmentStep":false},"afterStages":[{"name":"init_driver::0","time":{"start":1759698869679,"stop":1759698869755,"duration":76},"status":"passed","steps":[],"attachments":[],"parameters":[],"shouldDisplayMessage":false,"stepsCount":0,"attachmentsCount":0,"hasContent":false,"attachmentStep":false}],"labels":[{"name":"tag","value":"neg"},{"name":"tag","value":"efe67"},{"name":"tag","value":"feregression"},{"name":"tag","value":"my_account_neg"},{"name":"parentSuite","value":"tests.frontend.my_account"},{"name":"suite","value":"test_my_account_signed_in_neg"},{"name":"subSuite","value":"TestMyAccountSignedInNeg"},{"name":"host","value":"runnervmwhb2z"},{"name":"thread","value":"2726-MainThread"},{"name":"framework","value":"pytest"},{"name":"language","value":"cpython3"},{"name":"package","value":"tests.frontend.my_account.test_my_account_signed_in_neg"},{"name":"resultFormat","value":"allure2"}],"parameters":[{"name":"missing_field","value":"'confirm_password'"}],"links":[],"hidden":false,"retry":false,"extra":{"severity":"normal","retries":[],"categories":[],"tags":["neg","my_account_neg","feregression","efe67"]},"source":"c84a77adcff620df.json","parameterValues":["'confirm_password'"]}