{"uid":"d959753c39a7e52f","name":"test_privacy_policy_link","fullName":"tests.frontend.my_account.test_privacy_link.TestPrivacyPolicy#test_privacy_policy_link","historyId":"e5899eaba110320688c0794987e695d6","time":{"start":1759537201699,"stop":1759537203174,"duration":1475},"description":"\nVerify that the 'Privacy Policy' link on the My Account page navigates correctly.\n\nSteps:\n1. Go to the My Account page.\n2. Click on the 'Privacy Policy' link.\n3. Verify that the breadcrumbs contain the text 'Privacy Policy'.\n\nNotes:\n    This test is marked as expected to fail (xfail) because the Privacy Policy\n    link currently leads to a 404 page.\n","descriptionHtml":"<p>Verify that the 'Privacy Policy' link on the My Account page navigates correctly.</p>\n<p>Steps:</p>\n<ol>\n<li>Go to the My Account page.</li>\n<li>Click on the 'Privacy Policy' link.</li>\n<li>Verify that the breadcrumbs contain the text 'Privacy Policy'.</li>\n</ol>\n<p>Notes:<br />\nThis test is marked as expected to fail (xfail) because the Privacy Policy<br />\nlink currently leads to a 404 page.</p>\n","status":"skipped","statusMessage":"XFAIL\n\nAssertionError: 'Privacy Policy' not found in breadcrumbs: Home / My account\nassert 'Privacy Policy' in 'Home / My account'","statusTrace":"self = <test_privacy_link.TestPrivacyPolicy object at 0x7fac085f3110>\n\n    @pytest.mark.xfail\n    @pytest.mark.efe1\n    def test_privacy_policy_link(self):\n        \"\"\"\n        Verify that the 'Privacy Policy' link on the My Account page navigates correctly.\n    \n        Steps:\n        1. Go to the My Account page.\n        2. Click on the 'Privacy Policy' link.\n        3. Verify that the breadcrumbs contain the text 'Privacy Policy'.\n    \n        Notes:\n            This test is marked as expected to fail (xfail) because the Privacy Policy\n            link currently leads to a 404 page.\n        \"\"\"\n        my_acc = MyAccountSignedOutPage(self.driver)\n    \n        # go to my account\n        my_acc.go_to_my_account()\n    \n        # click on privacy policy link\n        my_acc.click_on_privacy_link()\n    \n        breadcrumbs_text = my_acc.get_bread_crumbs_text()\n    \n>       assert \"Privacy Policy\" in breadcrumbs_text, f\"'Privacy Policy' not found in breadcrumbs: {breadcrumbs_text}\"\nE       AssertionError: 'Privacy Policy' not found in breadcrumbs: Home / My account\nE       assert 'Privacy Policy' in 'Home / My account'\n\ntests/frontend/my_account/test_privacy_link.py:46: AssertionError","flaky":false,"newFailed":false,"newBroken":false,"newPassed":false,"retriesCount":0,"retriesStatusChange":false,"beforeStages":[{"name":"init_driver","time":{"start":1759537201381,"stop":1759537201698,"duration":317},"status":"passed","steps":[],"attachments":[],"parameters":[],"shouldDisplayMessage":false,"stepsCount":0,"attachmentsCount":0,"hasContent":false,"attachmentStep":false},{"name":"init_driver","time":{"start":1759537203251,"stop":1759537203554,"duration":303},"status":"passed","steps":[],"attachments":[],"parameters":[],"shouldDisplayMessage":false,"stepsCount":0,"attachmentsCount":0,"hasContent":false,"attachmentStep":false}],"testStage":{"description":"\nVerify that the 'Privacy Policy' link on the My Account page navigates correctly.\n\nSteps:\n1. Go to the My Account page.\n2. Click on the 'Privacy Policy' link.\n3. Verify that the breadcrumbs contain the text 'Privacy Policy'.\n\nNotes:\n    This test is marked as expected to fail (xfail) because the Privacy Policy\n    link currently leads to a 404 page.\n","status":"skipped","statusMessage":"XFAIL\n\nAssertionError: 'Privacy Policy' not found in breadcrumbs: Home / My account\nassert 'Privacy Policy' in 'Home / My account'","statusTrace":"self = <test_privacy_link.TestPrivacyPolicy object at 0x7fac085f3110>\n\n    @pytest.mark.xfail\n    @pytest.mark.efe1\n    def test_privacy_policy_link(self):\n        \"\"\"\n        Verify that the 'Privacy Policy' link on the My Account page navigates correctly.\n    \n        Steps:\n        1. Go to the My Account page.\n        2. Click on the 'Privacy Policy' link.\n        3. Verify that the breadcrumbs contain the text 'Privacy Policy'.\n    \n        Notes:\n            This test is marked as expected to fail (xfail) because the Privacy Policy\n            link currently leads to a 404 page.\n        \"\"\"\n        my_acc = MyAccountSignedOutPage(self.driver)\n    \n        # go to my account\n        my_acc.go_to_my_account()\n    \n        # click on privacy policy link\n        my_acc.click_on_privacy_link()\n    \n        breadcrumbs_text = my_acc.get_bread_crumbs_text()\n    \n>       assert \"Privacy Policy\" in breadcrumbs_text, f\"'Privacy Policy' not found in breadcrumbs: {breadcrumbs_text}\"\nE       AssertionError: 'Privacy Policy' not found in breadcrumbs: Home / My account\nE       assert 'Privacy Policy' in 'Home / My account'\n\ntests/frontend/my_account/test_privacy_link.py:46: AssertionError","steps":[],"attachments":[{"uid":"9f5b2cae8ba33563","name":"log","source":"9f5b2cae8ba33563.txt","type":"text/plain","size":47}],"parameters":[],"shouldDisplayMessage":true,"stepsCount":0,"attachmentsCount":1,"hasContent":true,"attachmentStep":false},"afterStages":[{"name":"init_driver::0","time":{"start":1759537203176,"stop":1759537203250,"duration":74},"status":"passed","steps":[],"attachments":[],"parameters":[],"shouldDisplayMessage":false,"stepsCount":0,"attachmentsCount":0,"hasContent":false,"attachmentStep":false},{"name":"init_driver::0","time":{"start":1759537205867,"stop":1759537205941,"duration":74},"status":"passed","steps":[],"attachments":[],"parameters":[],"shouldDisplayMessage":false,"stepsCount":0,"attachmentsCount":0,"hasContent":false,"attachmentStep":false}],"labels":[{"name":"tag","value":"efe1"},{"name":"tag","value":"efe48"},{"name":"tag","value":"feregression"},{"name":"tag","value":"fesmoke"},{"name":"tag","value":"my_account"},{"name":"parentSuite","value":"tests.frontend.my_account"},{"name":"suite","value":"test_privacy_link"},{"name":"subSuite","value":"TestPrivacyPolicy"},{"name":"host","value":"runnervmwhb2z"},{"name":"thread","value":"2649-MainThread"},{"name":"framework","value":"pytest"},{"name":"language","value":"cpython3"},{"name":"package","value":"tests.frontend.my_account.test_privacy_link"},{"name":"resultFormat","value":"allure2"}],"parameters":[],"links":[],"hidden":true,"retry":true,"extra":{"categories":[],"tags":["efe1","efe48","feregression","my_account","fesmoke"]},"source":"d959753c39a7e52f.json","parameterValues":[]}